<?xml version="1.0" encoding="UTF-8"?>
<testsuite xmlns:xsi="http://www.w3.org/2001/XMLSchema-instance" xsi:noNamespaceSchemaLocation="https://maven.apache.org/surefire/maven-surefire-plugin/xsd/surefire-test-report.xsd" name="com.fehead.AppTest" time="0.035" tests="1" errors="1" skipped="0" failures="0">
  <properties>
    <property name="sun.desktop" value="windows"/>
    <property name="awt.toolkit" value="sun.awt.windows.WToolkit"/>
    <property name="file.encoding.pkg" value="sun.io"/>
    <property name="java.specification.version" value="1.8"/>
    <property name="sun.cpu.isalist" value="amd64"/>
    <property name="sun.jnu.encoding" value="GBK"/>
    <property name="java.class.path" value="D:\MyProject\ClassRoomAppointment\target\test-classes;D:\MyProject\ClassRoomAppointment\target\classes;D:\maven\apache-maven-3.3.1-bin\apache-maven-3.3.1\repository\org\springframework\boot\spring-boot-starter-web\2.0.5.RELEASE\spring-boot-starter-web-2.0.5.RELEASE.jar;D:\maven\apache-maven-3.3.1-bin\apache-maven-3.3.1\repository\org\springframework\boot\spring-boot-starter\2.0.5.RELEASE\spring-boot-starter-2.0.5.RELEASE.jar;D:\maven\apache-maven-3.3.1-bin\apache-maven-3.3.1\repository\org\springframework\boot\spring-boot\2.0.5.RELEASE\spring-boot-2.0.5.RELEASE.jar;D:\maven\apache-maven-3.3.1-bin\apache-maven-3.3.1\repository\org\springframework\boot\spring-boot-autoconfigure\2.0.5.RELEASE\spring-boot-autoconfigure-2.0.5.RELEASE.jar;D:\maven\apache-maven-3.3.1-bin\apache-maven-3.3.1\repository\org\springframework\boot\spring-boot-starter-logging\2.0.5.RELEASE\spring-boot-starter-logging-2.0.5.RELEASE.jar;D:\maven\apache-maven-3.3.1-bin\apache-maven-3.3.1\repository\ch\qos\logback\logback-classic\1.2.3\logback-classic-1.2.3.jar;D:\maven\apache-maven-3.3.1-bin\apache-maven-3.3.1\repository\ch\qos\logback\logback-core\1.2.3\logback-core-1.2.3.jar;D:\maven\apache-maven-3.3.1-bin\apache-maven-3.3.1\repository\org\apache\logging\log4j\log4j-to-slf4j\2.10.0\log4j-to-slf4j-2.10.0.jar;D:\maven\apache-maven-3.3.1-bin\apache-maven-3.3.1\repository\org\apache\logging\log4j\log4j-api\2.10.0\log4j-api-2.10.0.jar;D:\maven\apache-maven-3.3.1-bin\apache-maven-3.3.1\repository\org\slf4j\jul-to-slf4j\1.7.25\jul-to-slf4j-1.7.25.jar;D:\maven\apache-maven-3.3.1-bin\apache-maven-3.3.1\repository\javax\annotation\javax.annotation-api\1.3.2\javax.annotation-api-1.3.2.jar;D:\maven\apache-maven-3.3.1-bin\apache-maven-3.3.1\repository\org\springframework\spring-core\5.0.9.RELEASE\spring-core-5.0.9.RELEASE.jar;D:\maven\apache-maven-3.3.1-bin\apache-maven-3.3.1\repository\org\springframework\spring-jcl\5.0.9.RELEASE\spring-jcl-5.0.9.RELEASE.jar;D:\maven\apache-maven-3.3.1-bin\apache-maven-3.3.1\repository\org\yaml\snakeyaml\1.19\snakeyaml-1.19.jar;D:\maven\apache-maven-3.3.1-bin\apache-maven-3.3.1\repository\org\springframework\boot\spring-boot-starter-json\2.0.5.RELEASE\spring-boot-starter-json-2.0.5.RELEASE.jar;D:\maven\apache-maven-3.3.1-bin\apache-maven-3.3.1\repository\com\fasterxml\jackson\core\jackson-databind\2.9.6\jackson-databind-2.9.6.jar;D:\maven\apache-maven-3.3.1-bin\apache-maven-3.3.1\repository\com\fasterxml\jackson\core\jackson-annotations\2.9.0\jackson-annotations-2.9.0.jar;D:\maven\apache-maven-3.3.1-bin\apache-maven-3.3.1\repository\com\fasterxml\jackson\core\jackson-core\2.9.6\jackson-core-2.9.6.jar;D:\maven\apache-maven-3.3.1-bin\apache-maven-3.3.1\repository\com\fasterxml\jackson\datatype\jackson-datatype-jdk8\2.9.6\jackson-datatype-jdk8-2.9.6.jar;D:\maven\apache-maven-3.3.1-bin\apache-maven-3.3.1\repository\com\fasterxml\jackson\datatype\jackson-datatype-jsr310\2.9.6\jackson-datatype-jsr310-2.9.6.jar;D:\maven\apache-maven-3.3.1-bin\apache-maven-3.3.1\repository\com\fasterxml\jackson\module\jackson-module-parameter-names\2.9.6\jackson-module-parameter-names-2.9.6.jar;D:\maven\apache-maven-3.3.1-bin\apache-maven-3.3.1\repository\org\springframework\boot\spring-boot-starter-tomcat\2.0.5.RELEASE\spring-boot-starter-tomcat-2.0.5.RELEASE.jar;D:\maven\apache-maven-3.3.1-bin\apache-maven-3.3.1\repository\org\apache\tomcat\embed\tomcat-embed-core\8.5.34\tomcat-embed-core-8.5.34.jar;D:\maven\apache-maven-3.3.1-bin\apache-maven-3.3.1\repository\org\apache\tomcat\embed\tomcat-embed-el\8.5.34\tomcat-embed-el-8.5.34.jar;D:\maven\apache-maven-3.3.1-bin\apache-maven-3.3.1\repository\org\apache\tomcat\embed\tomcat-embed-websocket\8.5.34\tomcat-embed-websocket-8.5.34.jar;D:\maven\apache-maven-3.3.1-bin\apache-maven-3.3.1\repository\org\hibernate\validator\hibernate-validator\6.0.12.Final\hibernate-validator-6.0.12.Final.jar;D:\maven\apache-maven-3.3.1-bin\apache-maven-3.3.1\repository\javax\validation\validation-api\2.0.1.Final\validation-api-2.0.1.Final.jar;D:\maven\apache-maven-3.3.1-bin\apache-maven-3.3.1\repository\org\jboss\logging\jboss-logging\3.3.2.Final\jboss-logging-3.3.2.Final.jar;D:\maven\apache-maven-3.3.1-bin\apache-maven-3.3.1\repository\com\fasterxml\classmate\1.3.4\classmate-1.3.4.jar;D:\maven\apache-maven-3.3.1-bin\apache-maven-3.3.1\repository\org\springframework\spring-web\5.0.9.RELEASE\spring-web-5.0.9.RELEASE.jar;D:\maven\apache-maven-3.3.1-bin\apache-maven-3.3.1\repository\org\springframework\spring-beans\5.0.9.RELEASE\spring-beans-5.0.9.RELEASE.jar;D:\maven\apache-maven-3.3.1-bin\apache-maven-3.3.1\repository\org\springframework\spring-webmvc\5.0.9.RELEASE\spring-webmvc-5.0.9.RELEASE.jar;D:\maven\apache-maven-3.3.1-bin\apache-maven-3.3.1\repository\org\springframework\spring-aop\5.0.9.RELEASE\spring-aop-5.0.9.RELEASE.jar;D:\maven\apache-maven-3.3.1-bin\apache-maven-3.3.1\repository\org\springframework\spring-context\5.0.9.RELEASE\spring-context-5.0.9.RELEASE.jar;D:\maven\apache-maven-3.3.1-bin\apache-maven-3.3.1\repository\org\springframework\spring-expression\5.0.9.RELEASE\spring-expression-5.0.9.RELEASE.jar;D:\maven\apache-maven-3.3.1-bin\apache-maven-3.3.1\repository\mysql\mysql-connector-java\5.1.47\mysql-connector-java-5.1.47.jar;D:\maven\apache-maven-3.3.1-bin\apache-maven-3.3.1\repository\com\alibaba\druid\1.1.12\druid-1.1.12.jar;D:\maven\apache-maven-3.3.1-bin\apache-maven-3.3.1\repository\org\mybatis\spring\boot\mybatis-spring-boot-starter\1.3.3\mybatis-spring-boot-starter-1.3.3.jar;D:\maven\apache-maven-3.3.1-bin\apache-maven-3.3.1\repository\org\springframework\boot\spring-boot-starter-jdbc\2.0.5.RELEASE\spring-boot-starter-jdbc-2.0.5.RELEASE.jar;D:\maven\apache-maven-3.3.1-bin\apache-maven-3.3.1\repository\com\zaxxer\HikariCP\2.7.9\HikariCP-2.7.9.jar;D:\maven\apache-maven-3.3.1-bin\apache-maven-3.3.1\repository\org\slf4j\slf4j-api\1.7.25\slf4j-api-1.7.25.jar;D:\maven\apache-maven-3.3.1-bin\apache-maven-3.3.1\repository\org\springframework\spring-jdbc\5.0.9.RELEASE\spring-jdbc-5.0.9.RELEASE.jar;D:\maven\apache-maven-3.3.1-bin\apache-maven-3.3.1\repository\org\springframework\spring-tx\5.0.9.RELEASE\spring-tx-5.0.9.RELEASE.jar;D:\maven\apache-maven-3.3.1-bin\apache-maven-3.3.1\repository\org\mybatis\spring\boot\mybatis-spring-boot-autoconfigure\1.3.3\mybatis-spring-boot-autoconfigure-1.3.3.jar;D:\maven\apache-maven-3.3.1-bin\apache-maven-3.3.1\repository\org\mybatis\mybatis\3.4.6\mybatis-3.4.6.jar;D:\maven\apache-maven-3.3.1-bin\apache-maven-3.3.1\repository\org\mybatis\mybatis-spring\1.3.2\mybatis-spring-1.3.2.jar;D:\maven\apache-maven-3.3.1-bin\apache-maven-3.3.1\repository\junit\junit\4.12\junit-4.12.jar;D:\maven\apache-maven-3.3.1-bin\apache-maven-3.3.1\repository\org\hamcrest\hamcrest-core\1.3\hamcrest-core-1.3.jar;"/>
    <property name="java.vm.vendor" value="Oracle Corporation"/>
    <property name="sun.arch.data.model" value="64"/>
    <property name="user.variant" value=""/>
    <property name="java.vendor.url" value="http://java.oracle.com/"/>
    <property name="user.timezone" value=""/>
    <property name="java.vm.specification.version" value="1.8"/>
    <property name="os.name" value="Windows 10"/>
    <property name="user.country" value="CN"/>
    <property name="sun.java.launcher" value="SUN_STANDARD"/>
    <property name="sun.boot.library.path" value="D:\Program Files\Java\jdk1.8.0_192\jre\bin"/>
    <property name="sun.java.command" value="C:\Users\XIAOAX~1\AppData\Local\Temp\surefire6306355792567262940\surefirebooter2475212731756843804.jar C:\Users\xiaoaxiao\AppData\Local\Temp\surefire6306355792567262940 2019-05-27T15-23-59_036-jvmRun1 surefire4663878449605699954tmp surefire_05897788522354060234tmp"/>
    <property name="surefire.test.class.path" value="D:\MyProject\ClassRoomAppointment\target\test-classes;D:\MyProject\ClassRoomAppointment\target\classes;D:\maven\apache-maven-3.3.1-bin\apache-maven-3.3.1\repository\org\springframework\boot\spring-boot-starter-web\2.0.5.RELEASE\spring-boot-starter-web-2.0.5.RELEASE.jar;D:\maven\apache-maven-3.3.1-bin\apache-maven-3.3.1\repository\org\springframework\boot\spring-boot-starter\2.0.5.RELEASE\spring-boot-starter-2.0.5.RELEASE.jar;D:\maven\apache-maven-3.3.1-bin\apache-maven-3.3.1\repository\org\springframework\boot\spring-boot\2.0.5.RELEASE\spring-boot-2.0.5.RELEASE.jar;D:\maven\apache-maven-3.3.1-bin\apache-maven-3.3.1\repository\org\springframework\boot\spring-boot-autoconfigure\2.0.5.RELEASE\spring-boot-autoconfigure-2.0.5.RELEASE.jar;D:\maven\apache-maven-3.3.1-bin\apache-maven-3.3.1\repository\org\springframework\boot\spring-boot-starter-logging\2.0.5.RELEASE\spring-boot-starter-logging-2.0.5.RELEASE.jar;D:\maven\apache-maven-3.3.1-bin\apache-maven-3.3.1\repository\ch\qos\logback\logback-classic\1.2.3\logback-classic-1.2.3.jar;D:\maven\apache-maven-3.3.1-bin\apache-maven-3.3.1\repository\ch\qos\logback\logback-core\1.2.3\logback-core-1.2.3.jar;D:\maven\apache-maven-3.3.1-bin\apache-maven-3.3.1\repository\org\apache\logging\log4j\log4j-to-slf4j\2.10.0\log4j-to-slf4j-2.10.0.jar;D:\maven\apache-maven-3.3.1-bin\apache-maven-3.3.1\repository\org\apache\logging\log4j\log4j-api\2.10.0\log4j-api-2.10.0.jar;D:\maven\apache-maven-3.3.1-bin\apache-maven-3.3.1\repository\org\slf4j\jul-to-slf4j\1.7.25\jul-to-slf4j-1.7.25.jar;D:\maven\apache-maven-3.3.1-bin\apache-maven-3.3.1\repository\javax\annotation\javax.annotation-api\1.3.2\javax.annotation-api-1.3.2.jar;D:\maven\apache-maven-3.3.1-bin\apache-maven-3.3.1\repository\org\springframework\spring-core\5.0.9.RELEASE\spring-core-5.0.9.RELEASE.jar;D:\maven\apache-maven-3.3.1-bin\apache-maven-3.3.1\repository\org\springframework\spring-jcl\5.0.9.RELEASE\spring-jcl-5.0.9.RELEASE.jar;D:\maven\apache-maven-3.3.1-bin\apache-maven-3.3.1\repository\org\yaml\snakeyaml\1.19\snakeyaml-1.19.jar;D:\maven\apache-maven-3.3.1-bin\apache-maven-3.3.1\repository\org\springframework\boot\spring-boot-starter-json\2.0.5.RELEASE\spring-boot-starter-json-2.0.5.RELEASE.jar;D:\maven\apache-maven-3.3.1-bin\apache-maven-3.3.1\repository\com\fasterxml\jackson\core\jackson-databind\2.9.6\jackson-databind-2.9.6.jar;D:\maven\apache-maven-3.3.1-bin\apache-maven-3.3.1\repository\com\fasterxml\jackson\core\jackson-annotations\2.9.0\jackson-annotations-2.9.0.jar;D:\maven\apache-maven-3.3.1-bin\apache-maven-3.3.1\repository\com\fasterxml\jackson\core\jackson-core\2.9.6\jackson-core-2.9.6.jar;D:\maven\apache-maven-3.3.1-bin\apache-maven-3.3.1\repository\com\fasterxml\jackson\datatype\jackson-datatype-jdk8\2.9.6\jackson-datatype-jdk8-2.9.6.jar;D:\maven\apache-maven-3.3.1-bin\apache-maven-3.3.1\repository\com\fasterxml\jackson\datatype\jackson-datatype-jsr310\2.9.6\jackson-datatype-jsr310-2.9.6.jar;D:\maven\apache-maven-3.3.1-bin\apache-maven-3.3.1\repository\com\fasterxml\jackson\module\jackson-module-parameter-names\2.9.6\jackson-module-parameter-names-2.9.6.jar;D:\maven\apache-maven-3.3.1-bin\apache-maven-3.3.1\repository\org\springframework\boot\spring-boot-starter-tomcat\2.0.5.RELEASE\spring-boot-starter-tomcat-2.0.5.RELEASE.jar;D:\maven\apache-maven-3.3.1-bin\apache-maven-3.3.1\repository\org\apache\tomcat\embed\tomcat-embed-core\8.5.34\tomcat-embed-core-8.5.34.jar;D:\maven\apache-maven-3.3.1-bin\apache-maven-3.3.1\repository\org\apache\tomcat\embed\tomcat-embed-el\8.5.34\tomcat-embed-el-8.5.34.jar;D:\maven\apache-maven-3.3.1-bin\apache-maven-3.3.1\repository\org\apache\tomcat\embed\tomcat-embed-websocket\8.5.34\tomcat-embed-websocket-8.5.34.jar;D:\maven\apache-maven-3.3.1-bin\apache-maven-3.3.1\repository\org\hibernate\validator\hibernate-validator\6.0.12.Final\hibernate-validator-6.0.12.Final.jar;D:\maven\apache-maven-3.3.1-bin\apache-maven-3.3.1\repository\javax\validation\validation-api\2.0.1.Final\validation-api-2.0.1.Final.jar;D:\maven\apache-maven-3.3.1-bin\apache-maven-3.3.1\repository\org\jboss\logging\jboss-logging\3.3.2.Final\jboss-logging-3.3.2.Final.jar;D:\maven\apache-maven-3.3.1-bin\apache-maven-3.3.1\repository\com\fasterxml\classmate\1.3.4\classmate-1.3.4.jar;D:\maven\apache-maven-3.3.1-bin\apache-maven-3.3.1\repository\org\springframework\spring-web\5.0.9.RELEASE\spring-web-5.0.9.RELEASE.jar;D:\maven\apache-maven-3.3.1-bin\apache-maven-3.3.1\repository\org\springframework\spring-beans\5.0.9.RELEASE\spring-beans-5.0.9.RELEASE.jar;D:\maven\apache-maven-3.3.1-bin\apache-maven-3.3.1\repository\org\springframework\spring-webmvc\5.0.9.RELEASE\spring-webmvc-5.0.9.RELEASE.jar;D:\maven\apache-maven-3.3.1-bin\apache-maven-3.3.1\repository\org\springframework\spring-aop\5.0.9.RELEASE\spring-aop-5.0.9.RELEASE.jar;D:\maven\apache-maven-3.3.1-bin\apache-maven-3.3.1\repository\org\springframework\spring-context\5.0.9.RELEASE\spring-context-5.0.9.RELEASE.jar;D:\maven\apache-maven-3.3.1-bin\apache-maven-3.3.1\repository\org\springframework\spring-expression\5.0.9.RELEASE\spring-expression-5.0.9.RELEASE.jar;D:\maven\apache-maven-3.3.1-bin\apache-maven-3.3.1\repository\mysql\mysql-connector-java\5.1.47\mysql-connector-java-5.1.47.jar;D:\maven\apache-maven-3.3.1-bin\apache-maven-3.3.1\repository\com\alibaba\druid\1.1.12\druid-1.1.12.jar;D:\maven\apache-maven-3.3.1-bin\apache-maven-3.3.1\repository\org\mybatis\spring\boot\mybatis-spring-boot-starter\1.3.3\mybatis-spring-boot-starter-1.3.3.jar;D:\maven\apache-maven-3.3.1-bin\apache-maven-3.3.1\repository\org\springframework\boot\spring-boot-starter-jdbc\2.0.5.RELEASE\spring-boot-starter-jdbc-2.0.5.RELEASE.jar;D:\maven\apache-maven-3.3.1-bin\apache-maven-3.3.1\repository\com\zaxxer\HikariCP\2.7.9\HikariCP-2.7.9.jar;D:\maven\apache-maven-3.3.1-bin\apache-maven-3.3.1\repository\org\slf4j\slf4j-api\1.7.25\slf4j-api-1.7.25.jar;D:\maven\apache-maven-3.3.1-bin\apache-maven-3.3.1\repository\org\springframework\spring-jdbc\5.0.9.RELEASE\spring-jdbc-5.0.9.RELEASE.jar;D:\maven\apache-maven-3.3.1-bin\apache-maven-3.3.1\repository\org\springframework\spring-tx\5.0.9.RELEASE\spring-tx-5.0.9.RELEASE.jar;D:\maven\apache-maven-3.3.1-bin\apache-maven-3.3.1\repository\org\mybatis\spring\boot\mybatis-spring-boot-autoconfigure\1.3.3\mybatis-spring-boot-autoconfigure-1.3.3.jar;D:\maven\apache-maven-3.3.1-bin\apache-maven-3.3.1\repository\org\mybatis\mybatis\3.4.6\mybatis-3.4.6.jar;D:\maven\apache-maven-3.3.1-bin\apache-maven-3.3.1\repository\org\mybatis\mybatis-spring\1.3.2\mybatis-spring-1.3.2.jar;D:\maven\apache-maven-3.3.1-bin\apache-maven-3.3.1\repository\junit\junit\4.12\junit-4.12.jar;D:\maven\apache-maven-3.3.1-bin\apache-maven-3.3.1\repository\org\hamcrest\hamcrest-core\1.3\hamcrest-core-1.3.jar;"/>
    <property name="sun.cpu.endian" value="little"/>
    <property name="user.home" value="C:\Users\xiaoaxiao"/>
    <property name="user.language" value="zh"/>
    <property name="java.specification.vendor" value="Oracle Corporation"/>
    <property name="java.home" value="D:\Program Files\Java\jdk1.8.0_192\jre"/>
    <property name="basedir" value="D:\MyProject\ClassRoomAppointment"/>
    <property name="file.separator" value="\"/>
    <property name="line.separator" value="&#10;"/>
    <property name="java.vm.specification.vendor" value="Oracle Corporation"/>
    <property name="java.specification.name" value="Java Platform API Specification"/>
    <property name="java.awt.graphicsenv" value="sun.awt.Win32GraphicsEnvironment"/>
    <property name="surefire.real.class.path" value="C:\Users\XIAOAX~1\AppData\Local\Temp\surefire6306355792567262940\surefirebooter2475212731756843804.jar"/>
    <property name="sun.boot.class.path" value="D:\Program Files\Java\jdk1.8.0_192\jre\lib\resources.jar;D:\Program Files\Java\jdk1.8.0_192\jre\lib\rt.jar;D:\Program Files\Java\jdk1.8.0_192\jre\lib\sunrsasign.jar;D:\Program Files\Java\jdk1.8.0_192\jre\lib\jsse.jar;D:\Program Files\Java\jdk1.8.0_192\jre\lib\jce.jar;D:\Program Files\Java\jdk1.8.0_192\jre\lib\charsets.jar;D:\Program Files\Java\jdk1.8.0_192\jre\lib\jfr.jar;D:\Program Files\Java\jdk1.8.0_192\jre\classes"/>
    <property name="user.script" value=""/>
    <property name="sun.management.compiler" value="HotSpot 64-Bit Tiered Compilers"/>
    <property name="java.runtime.version" value="1.8.0_192-b12"/>
    <property name="user.name" value="xiaoaxiao"/>
    <property name="path.separator" value=";"/>
    <property name="os.version" value="10.0"/>
    <property name="java.endorsed.dirs" value="D:\Program Files\Java\jdk1.8.0_192\jre\lib\endorsed"/>
    <property name="java.runtime.name" value="Java(TM) SE Runtime Environment"/>
    <property name="file.encoding" value="GBK"/>
    <property name="java.vm.name" value="Java HotSpot(TM) 64-Bit Server VM"/>
    <property name="localRepository" value="D:\maven\apache-maven-3.3.1-bin\apache-maven-3.3.1\repository"/>
    <property name="java.vendor.url.bug" value="http://bugreport.sun.com/bugreport/"/>
    <property name="java.io.tmpdir" value="C:\Users\XIAOAX~1\AppData\Local\Temp\"/>
    <property name="idea.version" value="2018.3.4"/>
    <property name="java.version" value="1.8.0_192"/>
    <property name="user.dir" value="D:\MyProject\ClassRoomAppointment"/>
    <property name="os.arch" value="amd64"/>
    <property name="java.vm.specification.name" value="Java Virtual Machine Specification"/>
    <property name="java.awt.printerjob" value="sun.awt.windows.WPrinterJob"/>
    <property name="sun.os.patch.level" value=""/>
    <property name="java.library.path" value="D:\Program Files\Java\jdk1.8.0_192\jre\bin;C:\Windows\Sun\Java\bin;C:\Windows\system32;C:\Windows;E:\XShell6\;D:\Program Files\Java\jdk1.8.0_192\bin;D:\Program Files\Java\jdk1.8.0_192\jre\bin;D:\apache-tomcat-8.5.37\apache-tomcat-8.5.37\bin;C:\Windows\System32;C:\Program Files\MYSQL\bin;C:\Program Files\MySQL\MySQL Utilities 1.6\;C:\Program Files (x86)\Windows Kits\8.1\Windows Performance Toolkit\;C:\Program Files\Microsoft SQL Server\110\Tools\Binn\;D:\GitHub\Git\Git\cmd;D:\GitHub\TortoiseGit\bin;D:\maven\apache-maven-3.3.1-bin\apache-maven-3.3.1\bin;C:\Users\xiaoaxiao\AppData\Local\Microsoft\WindowsApps;;."/>
    <property name="java.vm.info" value="mixed mode"/>
    <property name="java.vendor" value="Oracle Corporation"/>
    <property name="java.vm.version" value="25.192-b12"/>
    <property name="java.ext.dirs" value="D:\Program Files\Java\jdk1.8.0_192\jre\lib\ext;C:\Windows\Sun\Java\lib\ext"/>
    <property name="sun.io.unicode.encoding" value="UnicodeLittle"/>
    <property name="maven.repo.local" value="D:\maven\apache-maven-3.3.1-bin\apache-maven-3.3.1\repository"/>
    <property name="java.class.version" value="52.0"/>
  </properties>
  <testcase name="initializationError" classname="com.fehead.AppTest" time="0.006">
    <error message="org/hamcrest/SelfDescribing" type="java.lang.NoClassDefFoundError">java.lang.NoClassDefFoundError: org/hamcrest/SelfDescribing
Caused by: java.lang.ClassNotFoundException: org.hamcrest.SelfDescribing
</error>
  </testcase>
</testsuite>